<?xml version="1.0" encoding="UTF-8"?>
<testsuite xmlns:xsi="http://www.w3.org/2001/XMLSchema-instance" xsi:noNamespaceSchemaLocation="https://maven.apache.org/surefire/maven-surefire-plugin/xsd/surefire-test-report.xsd" name="com.cg.frs.daotest.TestDao" time="2.307" tests="15" errors="11" skipped="0" failures="3">
  <properties>
    <property name="sun.desktop" value="windows"/>
    <property name="awt.toolkit" value="sun.awt.windows.WToolkit"/>
    <property name="java.specification.version" value="12"/>
    <property name="sun.cpu.isalist" value="amd64"/>
    <property name="sun.jnu.encoding" value="Cp1252"/>
    <property name="java.class.path" value="D:\CAPGProject\FlightReservationSystem\FRS\target\test-classes;D:\CAPGProject\FlightReservationSystem\FRS\target\classes;C:\Users\OSIS\.m2\repository\org\junit\jupiter\junit-jupiter-engine\5.4.0\junit-jupiter-engine-5.4.0.jar;C:\Users\OSIS\.m2\repository\org\apiguardian\apiguardian-api\1.0.0\apiguardian-api-1.0.0.jar;C:\Users\OSIS\.m2\repository\org\junit\platform\junit-platform-engine\1.4.0\junit-platform-engine-1.4.0.jar;C:\Users\OSIS\.m2\repository\org\junit\jupiter\junit-jupiter-api\5.4.0\junit-jupiter-api-5.4.0.jar;C:\Users\OSIS\.m2\repository\org\opentest4j\opentest4j\1.1.1\opentest4j-1.1.1.jar;C:\Users\OSIS\.m2\repository\org\junit\platform\junit-platform-commons\1.4.0\junit-platform-commons-1.4.0.jar;C:\Users\OSIS\.m2\repository\org\hibernate\hibernate-core\5.4.5.Final\hibernate-core-5.4.5.Final.jar;C:\Users\OSIS\.m2\repository\org\jboss\logging\jboss-logging\3.3.2.Final\jboss-logging-3.3.2.Final.jar;C:\Users\OSIS\.m2\repository\javax\persistence\javax.persistence-api\2.2\javax.persistence-api-2.2.jar;C:\Users\OSIS\.m2\repository\net\bytebuddy\byte-buddy\1.9.11\byte-buddy-1.9.11.jar;C:\Users\OSIS\.m2\repository\antlr\antlr\2.7.7\antlr-2.7.7.jar;C:\Users\OSIS\.m2\repository\org\jboss\spec\javax\transaction\jboss-transaction-api_1.2_spec\1.1.1.Final\jboss-transaction-api_1.2_spec-1.1.1.Final.jar;C:\Users\OSIS\.m2\repository\org\jboss\jandex\2.0.5.Final\jandex-2.0.5.Final.jar;C:\Users\OSIS\.m2\repository\com\fasterxml\classmate\1.3.4\classmate-1.3.4.jar;C:\Users\OSIS\.m2\repository\javax\activation\javax.activation-api\1.2.0\javax.activation-api-1.2.0.jar;C:\Users\OSIS\.m2\repository\org\dom4j\dom4j\2.1.1\dom4j-2.1.1.jar;C:\Users\OSIS\.m2\repository\org\hibernate\common\hibernate-commons-annotations\5.1.0.Final\hibernate-commons-annotations-5.1.0.Final.jar;C:\Users\OSIS\.m2\repository\javax\xml\bind\jaxb-api\2.3.1\jaxb-api-2.3.1.jar;C:\Users\OSIS\.m2\repository\org\glassfish\jaxb\jaxb-runtime\2.3.1\jaxb-runtime-2.3.1.jar;C:\Users\OSIS\.m2\repository\org\glassfish\jaxb\txw2\2.3.1\txw2-2.3.1.jar;C:\Users\OSIS\.m2\repository\com\sun\istack\istack-commons-runtime\3.0.7\istack-commons-runtime-3.0.7.jar;C:\Users\OSIS\.m2\repository\org\jvnet\staxex\stax-ex\1.8\stax-ex-1.8.jar;C:\Users\OSIS\.m2\repository\com\sun\xml\fastinfoset\FastInfoset\1.2.15\FastInfoset-1.2.15.jar;C:\Users\OSIS\.m2\repository\org\hibernate\hibernate-entitymanager\5.4.5.Final\hibernate-entitymanager-5.4.5.Final.jar;C:\Users\OSIS\.m2\repository\org\slf4j\slf4j-log4j12\1.7.12\slf4j-log4j12-1.7.12.jar;C:\Users\OSIS\.m2\repository\org\slf4j\slf4j-api\1.7.12\slf4j-api-1.7.12.jar;C:\Users\OSIS\.m2\repository\log4j\log4j\1.2.17\log4j-1.2.17.jar;C:\Users\OSIS\.m2\repository\org\javassist\javassist\3.20.0-GA\javassist-3.20.0-GA.jar;C:\Users\OSIS\.m2\repository\mysql\mysql-connector-java\5.1.36\mysql-connector-java-5.1.36.jar;C:\Users\OSIS\.m2\repository\junit\junit\4.0\junit-4.0.jar;C:\Users\OSIS\.m2\repository\org\mockito\mockito-all\1.9.5\mockito-all-1.9.5.jar;"/>
    <property name="java.vm.vendor" value="Oracle Corporation"/>
    <property name="sun.arch.data.model" value="64"/>
    <property name="user.variant" value=""/>
    <property name="java.vendor.url" value="https://java.oracle.com/"/>
    <property name="user.timezone" value="Asia/Calcutta"/>
    <property name="os.name" value="Windows 10"/>
    <property name="java.vm.specification.version" value="12"/>
    <property name="sun.java.launcher" value="SUN_STANDARD"/>
    <property name="user.country" value="IN"/>
    <property name="sun.boot.library.path" value="C:\Program Files\Java\jdk-12.0.2\bin"/>
    <property name="sun.java.command" value="C:\Users\OSIS\AppData\Local\Temp\surefire4199219043764161793\surefirebooter8647984652547302889.jar C:\Users\OSIS\AppData\Local\Temp\surefire4199219043764161793 2019-09-24T09-18-07_980-jvmRun1 surefire6580529248793987923tmp surefire_09207440377539013399tmp"/>
    <property name="jdk.debug" value="release"/>
    <property name="surefire.test.class.path" value="D:\CAPGProject\FlightReservationSystem\FRS\target\test-classes;D:\CAPGProject\FlightReservationSystem\FRS\target\classes;C:\Users\OSIS\.m2\repository\org\junit\jupiter\junit-jupiter-engine\5.4.0\junit-jupiter-engine-5.4.0.jar;C:\Users\OSIS\.m2\repository\org\apiguardian\apiguardian-api\1.0.0\apiguardian-api-1.0.0.jar;C:\Users\OSIS\.m2\repository\org\junit\platform\junit-platform-engine\1.4.0\junit-platform-engine-1.4.0.jar;C:\Users\OSIS\.m2\repository\org\junit\jupiter\junit-jupiter-api\5.4.0\junit-jupiter-api-5.4.0.jar;C:\Users\OSIS\.m2\repository\org\opentest4j\opentest4j\1.1.1\opentest4j-1.1.1.jar;C:\Users\OSIS\.m2\repository\org\junit\platform\junit-platform-commons\1.4.0\junit-platform-commons-1.4.0.jar;C:\Users\OSIS\.m2\repository\org\hibernate\hibernate-core\5.4.5.Final\hibernate-core-5.4.5.Final.jar;C:\Users\OSIS\.m2\repository\org\jboss\logging\jboss-logging\3.3.2.Final\jboss-logging-3.3.2.Final.jar;C:\Users\OSIS\.m2\repository\javax\persistence\javax.persistence-api\2.2\javax.persistence-api-2.2.jar;C:\Users\OSIS\.m2\repository\net\bytebuddy\byte-buddy\1.9.11\byte-buddy-1.9.11.jar;C:\Users\OSIS\.m2\repository\antlr\antlr\2.7.7\antlr-2.7.7.jar;C:\Users\OSIS\.m2\repository\org\jboss\spec\javax\transaction\jboss-transaction-api_1.2_spec\1.1.1.Final\jboss-transaction-api_1.2_spec-1.1.1.Final.jar;C:\Users\OSIS\.m2\repository\org\jboss\jandex\2.0.5.Final\jandex-2.0.5.Final.jar;C:\Users\OSIS\.m2\repository\com\fasterxml\classmate\1.3.4\classmate-1.3.4.jar;C:\Users\OSIS\.m2\repository\javax\activation\javax.activation-api\1.2.0\javax.activation-api-1.2.0.jar;C:\Users\OSIS\.m2\repository\org\dom4j\dom4j\2.1.1\dom4j-2.1.1.jar;C:\Users\OSIS\.m2\repository\org\hibernate\common\hibernate-commons-annotations\5.1.0.Final\hibernate-commons-annotations-5.1.0.Final.jar;C:\Users\OSIS\.m2\repository\javax\xml\bind\jaxb-api\2.3.1\jaxb-api-2.3.1.jar;C:\Users\OSIS\.m2\repository\org\glassfish\jaxb\jaxb-runtime\2.3.1\jaxb-runtime-2.3.1.jar;C:\Users\OSIS\.m2\repository\org\glassfish\jaxb\txw2\2.3.1\txw2-2.3.1.jar;C:\Users\OSIS\.m2\repository\com\sun\istack\istack-commons-runtime\3.0.7\istack-commons-runtime-3.0.7.jar;C:\Users\OSIS\.m2\repository\org\jvnet\staxex\stax-ex\1.8\stax-ex-1.8.jar;C:\Users\OSIS\.m2\repository\com\sun\xml\fastinfoset\FastInfoset\1.2.15\FastInfoset-1.2.15.jar;C:\Users\OSIS\.m2\repository\org\hibernate\hibernate-entitymanager\5.4.5.Final\hibernate-entitymanager-5.4.5.Final.jar;C:\Users\OSIS\.m2\repository\org\slf4j\slf4j-log4j12\1.7.12\slf4j-log4j12-1.7.12.jar;C:\Users\OSIS\.m2\repository\org\slf4j\slf4j-api\1.7.12\slf4j-api-1.7.12.jar;C:\Users\OSIS\.m2\repository\log4j\log4j\1.2.17\log4j-1.2.17.jar;C:\Users\OSIS\.m2\repository\org\javassist\javassist\3.20.0-GA\javassist-3.20.0-GA.jar;C:\Users\OSIS\.m2\repository\mysql\mysql-connector-java\5.1.36\mysql-connector-java-5.1.36.jar;C:\Users\OSIS\.m2\repository\junit\junit\4.0\junit-4.0.jar;C:\Users\OSIS\.m2\repository\org\mockito\mockito-all\1.9.5\mockito-all-1.9.5.jar;"/>
    <property name="sun.cpu.endian" value="little"/>
    <property name="user.home" value="C:\Users\OSIS"/>
    <property name="user.language" value="en"/>
    <property name="java.specification.vendor" value="Oracle Corporation"/>
    <property name="java.version.date" value="2019-07-16"/>
    <property name="java.home" value="C:\Program Files\Java\jdk-12.0.2"/>
    <property name="file.separator" value="\"/>
    <property name="style.color" value="always"/>
    <property name="basedir" value="D:\CAPGProject\FlightReservationSystem\FRS"/>
    <property name="java.vm.compressedOopsMode" value="32-bit"/>
    <property name="line.separator" value="&#10;"/>
    <property name="java.vm.specification.vendor" value="Oracle Corporation"/>
    <property name="java.specification.name" value="Java Platform API Specification"/>
    <property name="java.awt.graphicsenv" value="sun.awt.Win32GraphicsEnvironment"/>
    <property name="surefire.real.class.path" value="C:\Users\OSIS\AppData\Local\Temp\surefire4199219043764161793\surefirebooter8647984652547302889.jar"/>
    <property name="user.script" value=""/>
    <property name="sun.management.compiler" value="HotSpot 64-Bit Tiered Compilers"/>
    <property name="java.runtime.version" value="12.0.2+10"/>
    <property name="user.name" value="OSIS"/>
    <property name="path.separator" value=";"/>
    <property name="os.version" value="10.0"/>
    <property name="java.runtime.name" value="Java(TM) SE Runtime Environment"/>
    <property name="file.encoding" value="Cp1252"/>
    <property name="java.vm.name" value="Java HotSpot(TM) 64-Bit Server VM"/>
    <property name="localRepository" value="C:\Users\OSIS\.m2\repository"/>
    <property name="java.vendor.url.bug" value="https://bugreport.java.com/bugreport/"/>
    <property name="java.io.tmpdir" value="C:\Users\OSIS\AppData\Local\Temp\"/>
    <property name="java.version" value="12.0.2"/>
    <property name="user.dir" value="D:\CAPGProject\FlightReservationSystem\FRS"/>
    <property name="os.arch" value="amd64"/>
    <property name="java.vm.specification.name" value="Java Virtual Machine Specification"/>
    <property name="sun.os.patch.level" value=""/>
    <property name="java.library.path" value="C:\Program Files\Java\jdk-12.0.2\bin;C:\Windows\Sun\Java\bin;C:\Windows\system32;C:\Windows;C:/Program Files/Java/jdk-12.0.2/bin/server;C:/Program Files/Java/jdk-12.0.2/bin;C:\Program Files\Java\jdk-12.0.2\bin;C:\oraclexe\app\oracle\product\11.2.0\server\bin;C:\Program Files (x86)\Common Files\Oracle\Java\javapath;C:\Windows\system32;C:\Windows;C:\Windows\System32\Wbem;C:\Windows\System32\WindowsPowerShell\v1.0\;C:\Windows\System32\OpenSSH\;C:\Program Files\nodejs\;C:\Program Files\Git\cmd;C:\Program Files\PuTTY\;D:\JEE Cloud Software\apache-maven-3.6.1-bin\apache-maven-3.6.1\bin;D:\JEE Cloud Software\sonarqube-7.9.1\sonarqube-7.9.1\bin\windows-x86-64;C:\Program Files (x86)\MySQL\MySQL Server 5.5\bin;C:\Users\OSIS\AppData\Local\Microsoft\WindowsApps;C:\Users\OSIS\AppData\Roaming\npm;D:\JEE Cloud Software\spring-tool-suite-4-4.4.0.RELEASE-e4.13.0-win32.win32.x86_64\sts-4.4.0.RELEASE;;."/>
    <property name="java.vm.info" value="mixed mode, sharing"/>
    <property name="java.vendor" value="Oracle Corporation"/>
    <property name="java.vm.version" value="12.0.2+10"/>
    <property name="sun.io.unicode.encoding" value="UnicodeLittle"/>
    <property name="java.class.version" value="56.0"/>
  </properties>
  <testcase name="testAddUser" classname="com.cg.frs.daotest.TestDao" time="0.023">
    <error message="org.hibernate.PersistentObjectException: detached entity passed to persist: com.cg.frs.dto.User" type="javax.persistence.PersistenceException">javax.persistence.PersistenceException: org.hibernate.PersistentObjectException: detached entity passed to persist: com.cg.frs.dto.User
	at com.cg.frs.daotest.TestDao.testAddUser(TestDao.java:116)
Caused by: org.hibernate.PersistentObjectException: detached entity passed to persist: com.cg.frs.dto.User
	at com.cg.frs.daotest.TestDao.testAddUser(TestDao.java:116)
</error>
  </testcase>
  <testcase name="testViewScheduleFlight" classname="com.cg.frs.daotest.TestDao" time="0.145">
    <failure message="expected: &lt;com.cg.frs.dto.ScheduleFlight@8fc74fd0&gt; but was: &lt;[com.cg.frs.dto.ScheduleFlight@8fbe487e]&gt;" type="org.opentest4j.AssertionFailedError"><![CDATA[org.opentest4j.AssertionFailedError: expected: <com.cg.frs.dto.ScheduleFlight@8fc74fd0> but was: <[com.cg.frs.dto.ScheduleFlight@8fbe487e]>
	at com.cg.frs.daotest.TestDao.testViewScheduleFlight(TestDao.java:179)
]]></failure>
  </testcase>
  <testcase name="testViewBooking" classname="com.cg.frs.daotest.TestDao" time="0.001"/>
  <testcase name="testAddScheduleFlight" classname="com.cg.frs.daotest.TestDao" time="0">
    <error message="org.hibernate.id.IdentifierGenerationException: ids for this class must be manually assigned before calling save(): com.cg.frs.dto.ScheduleFlight" type="javax.persistence.PersistenceException">javax.persistence.PersistenceException: org.hibernate.id.IdentifierGenerationException: ids for this class must be manually assigned before calling save(): com.cg.frs.dto.ScheduleFlight
	at com.cg.frs.daotest.TestDao.testAddScheduleFlight(TestDao.java:174)
Caused by: org.hibernate.id.IdentifierGenerationException: ids for this class must be manually assigned before calling save(): com.cg.frs.dto.ScheduleFlight
	at com.cg.frs.daotest.TestDao.testAddScheduleFlight(TestDao.java:174)
</error>
  </testcase>
  <testcase name="testDeleteFlight" classname="com.cg.frs.daotest.TestDao" time="0.015">
    <error type="java.lang.NullPointerException">java.lang.NullPointerException
	at com.cg.frs.daotest.TestDao.testDeleteFlight(TestDao.java:169)
</error>
  </testcase>
  <testcase name="testAddFlight" classname="com.cg.frs.daotest.TestDao" time="0">
    <error message="Transaction already active" type="java.lang.IllegalStateException">java.lang.IllegalStateException: Transaction already active
	at com.cg.frs.daotest.TestDao.testAddFlight(TestDao.java:153)
</error>
  </testcase>
  <testcase name="testModifyUser" classname="com.cg.frs.daotest.TestDao" time="0.003">
    <error message="Transaction already active" type="java.lang.IllegalStateException">java.lang.IllegalStateException: Transaction already active
	at com.cg.frs.daotest.TestDao.testModifyUser(TestDao.java:126)
</error>
  </testcase>
  <testcase name="testModifyFlight" classname="com.cg.frs.daotest.TestDao" time="0.002">
    <error message="Transaction already active" type="java.lang.IllegalStateException">java.lang.IllegalStateException: Transaction already active
	at com.cg.frs.daotest.TestDao.testModifyFlight(TestDao.java:158)
</error>
  </testcase>
  <testcase name="testDeleteUser" classname="com.cg.frs.daotest.TestDao" time="0.001">
    <error message="Transaction already active" type="java.lang.IllegalStateException">java.lang.IllegalStateException: Transaction already active
	at com.cg.frs.daotest.TestDao.testDeleteUser(TestDao.java:131)
</error>
  </testcase>
  <testcase name="testAddBooking" classname="com.cg.frs.daotest.TestDao" time="0">
    <error message="id to load is required for loading" type="java.lang.IllegalArgumentException">java.lang.IllegalArgumentException: id to load is required for loading
	at com.cg.frs.daotest.TestDao.testAddBooking(TestDao.java:137)
</error>
  </testcase>
  <testcase name="testViewFlight" classname="com.cg.frs.daotest.TestDao" time="0.005">
    <failure message="expected: &lt;Flight [flightNumber=12345, flightModel=BestModel111, carrierName=BestCarrier, seatCapacity=50, flightState=null]&gt; but was: &lt;[Flight [flightNumber=2, flightModel=Boeing787, carrierName=Indigo, seatCapacity=35, flightState=true]]&gt;" type="org.opentest4j.AssertionFailedError">org.opentest4j.AssertionFailedError: expected: &lt;Flight [flightNumber=12345, flightModel=BestModel111, carrierName=BestCarrier, seatCapacity=50, flightState=null]&gt; but was: &lt;[Flight [flightNumber=2, flightModel=Boeing787, carrierName=Indigo, seatCapacity=35, flightState=true]]&gt;	at com.cg.frs.daotest.TestDao.testViewFlight(TestDao.java:163)</failure>
  </testcase>
  <testcase name="testModifyScheduleFlight" classname="com.cg.frs.daotest.TestDao" time="0.002">
    <error message="id to load is required for loading" type="java.lang.IllegalArgumentException">java.lang.IllegalArgumentException: id to load is required for loading
	at com.cg.frs.daotest.TestDao.testModifyScheduleFlight(TestDao.java:184)
</error>
  </testcase>
  <testcase name="testDeleteScheduleFlight" classname="com.cg.frs.daotest.TestDao" time="0.003">
    <error type="java.lang.NullPointerException">java.lang.NullPointerException
	at com.cg.frs.daotest.TestDao.testDeleteScheduleFlight(TestDao.java:189)
</error>
  </testcase>
  <testcase name="testDeleteBooking" classname="com.cg.frs.daotest.TestDao" time="0.006">
    <error type="java.lang.NullPointerException">java.lang.NullPointerException
	at com.cg.frs.daotest.TestDao.testDeleteBooking(TestDao.java:148)
</error>
  </testcase>
  <testcase name="testViewUser" classname="com.cg.frs.daotest.TestDao" time="0.001">
    <failure message="expected: &lt;User [userType=customer, userId=99999, userName=ADMIN, userPassword=ADMIN, userPhone=9999999999, email=admin@frs.com, userState=null]&gt; but was: &lt;User [userType=admin, userId=99999, userName=admin, userPassword=admin, userPhone=9999999999, email=admin@admin.com, userState=true]&gt;" type="org.opentest4j.AssertionFailedError"><![CDATA[org.opentest4j.AssertionFailedError: expected: <User [userType=customer, userId=99999, userName=ADMIN, userPassword=ADMIN, userPhone=9999999999, email=admin@frs.com, userState=null]> but was: <User [userType=admin, userId=99999, userName=admin, userPassword=admin, userPhone=9999999999, email=admin@admin.com, userState=true]>
	at com.cg.frs.daotest.TestDao.testViewUser(TestDao.java:121)
]]></failure>
  </testcase>
</testsuite>